<?xml version="1.0" encoding="UTF-8"?>
<testsuite xmlns:xsi="http://www.w3.org/2001/XMLSchema-instance" xsi:noNamespaceSchemaLocation="https://maven.apache.org/surefire/maven-surefire-plugin/xsd/surefire-test-report-3.0.xsd" version="3.0" name="Controlador.costos_controladorTest" time="4.055" tests="4" errors="0" skipped="0" failures="0">
  <properties>
[...]
</properties>
  <testcase name="guardarCostos_valoresCorrectos_guardadoExitoso" classname="Controlador.costos_controladorTest" time="2.248">
    <system-out><![CDATA[Prueba 1: Valores enteros positivos
]]></system-out>
  </testcase>
  <testcase name="guardarCostos_valoresDecimales_actualizaModelo" classname="Controlador.costos_controladorTest" time="0.46">
    <system-out><![CDATA[Prueba 2: Valores decimales
]]></system-out>
  </testcase>
  <testcase name="guardarCostos_camposVacios_retornaFalse" classname="Controlador.costos_controladorTest" time="0.416">
    <system-out><![CDATA[Prueba 4: Campos vacíos
]]></system-out>
  </testcase>
  <testcase name="guardarCostos_valoresInvalidos_retornaFalse" classname="Controlador.costos_controladorTest" time="0.875">
    <system-out><![CDATA[Prueba 3: Valores no numéricos
]]></system-out>
  </testcase>
</testsuite>